<?xml version="1.0" encoding="UTF-8"?>
<testsuite name="com.example.notes.ApiDocumentation" time="3.597" tests="11" errors="1" skipped="0" failures="0">
  <properties>
[...]
</properties>
  <testcase name="tagUpdateExample" classname="com.example.notes.ApiDocumentation" time="1.645"/>
  <testcase name="errorExample" classname="com.example.notes.ApiDocumentation" time="0.182"/>
  <testcase name="noteUpdateExample" classname="com.example.notes.ApiDocumentation" time="0.25"/>
  <testcase name="indexExample" classname="com.example.notes.ApiDocumentation" time="0.078">
    <error message="Links with the following relations were not documented: [users]" type="org.springframework.restdocs.snippet.SnippetException">org.springframework.restdocs.snippet.SnippetException: Links with the following relations were not documented: [users]
	at org.springframework.restdocs.hypermedia.LinksSnippet.validate(LinksSnippet.java:174)
	at org.springframework.restdocs.hypermedia.LinksSnippet.createModel(LinksSnippet.java:128)
	at org.springframework.restdocs.snippet.TemplatedSnippet.document(TemplatedSnippet.java:83)
	at org.springframework.restdocs.generate.RestDocumentationGenerator.handle(RestDocumentationGenerator.java:196)
	at org.springframework.restdocs.mockmvc.RestDocumentationResultHandler.handle(RestDocumentationResultHandler.java:55)
	at org.springframework.test.web.servlet.MockMvc$1.andDo(MockMvc.java:177)
	at com.example.notes.ApiDocumentation.indexExample(ApiDocumentation.java:114)
</error>
    <system-out><![CDATA[2017-10-02 10:18:21.783  INFO 608 --- [           main] o.s.b.t.m.w.SpringBootMockServletContext : Initializing Spring FrameworkServlet ''
2017-10-02 10:18:21.783  INFO 608 --- [           main] o.s.t.web.servlet.TestDispatcherServlet  : FrameworkServlet '': initialization started
2017-10-02 10:18:21.783  INFO 608 --- [           main] o.s.t.web.servlet.TestDispatcherServlet  : FrameworkServlet '': initialization completed in 0 ms
]]></system-out>
  </testcase>
  <testcase name="tagsListExample" classname="com.example.notes.ApiDocumentation" time="0.56"/>
  <testcase name="notesListExample" classname="com.example.notes.ApiDocumentation" time="0.139"/>
  <testcase name="notesCreateExample" classname="com.example.notes.ApiDocumentation" time="0.11"/>
  <testcase name="tagsCreateExample" classname="com.example.notes.ApiDocumentation" time="0.109"/>
  <testcase name="noteGetExample" classname="com.example.notes.ApiDocumentation" time="0.141"/>
  <testcase name="tagGetExample" classname="com.example.notes.ApiDocumentation" time="0.1"/>
  <testcase name="tagUpdateExampleaa" classname="com.example.notes.ApiDocumentation" time="0.283"/>
</testsuite>